#-----------------------------------------------------------
# Vivado v2019.1 (64-bit)
# SW Build 2552052 on Fri May 24 14:47:09 MDT 2019
# IP Build 2548770 on Fri May 24 18:01:18 MDT 2019
# Start of session at: Sun Apr 14 00:22:27 2024
# Process ID: 7106
# Current directory: /home/user/Xilinx/Vivado/2019.1/bin
# Command line: vivado
# Log file: /home/user/Xilinx/Vivado/2019.1/bin/vivado.log
# Journal file: /home/user/Xilinx/Vivado/2019.1/bin/vivado.jou
#-----------------------------------------------------------
start_gui
open_project /home/user/projects/mp/majorproject/majorproject.xpr
Scanning sources...
Finished scanning sources
WARNING: [filemgmt 56-3] Board Part Repository Path: Could not find the directory '/home/2019.1/xhub/board_store'.
WARNING: [filemgmt 56-3] Board Part Repository Path: Could not find the directory '/../../../Downloads/xapp1151_Param_CAM/xapp1151_cam_v1_1'.
INFO: [IP_Flow 19-234] Refreshing IP repositories
INFO: [IP_Flow 19-1700] Loaded user IP repository '/home/user/projects/mp/majorproject/majorproject.ipdefs/ecemptcamip_1.0_0'.
INFO: [IP_Flow 19-2313] Loaded Vivado IP repository '/home/user/Xilinx/Vivado/2019.1/data/ip'.
open_project: Time (s): cpu = 00:00:22 ; elapsed = 00:00:08 . Memory (MB): peak = 6705.984 ; gain = 285.406 ; free physical = 6944 ; free virtual = 9961
update_compile_order -fileset sources_1
launch_sdk -workspace /home/user/projects/mp/majorproject/majorproject.sdk -hwspec /home/user/projects/mp/majorproject/majorproject.sdk/mbdesign_wrapper.hdf
INFO: [Vivado 12-393] Launching SDK...
INFO: [Vivado 12-417] Running xsdk -workspace /home/user/projects/mp/majorproject/majorproject.sdk -hwspec /home/user/projects/mp/majorproject/majorproject.sdk/mbdesign_wrapper.hdf
INFO: [Vivado 12-3157] SDK launch initiated. Please check console for any further messages.
archive_project /home/user/projects/mp/majorproject.xpr.zip -force -exclude_run_results -include_config_settings
INFO: [Coretcl 2-137] starting archive...
INFO: [Coretcl 2-1499] Saving project copy to temporary location './.Xil/Vivado-7106-g14arch' for archiving project
Scanning sources...
Finished scanning sources
WARNING: [filemgmt 56-3] Board Part Repository Path: Could not find the directory '/home/2019.1/xhub/board_store'.
WARNING: [filemgmt 56-3] Board Part Repository Path: Could not find the directory '/../../../Downloads/xapp1151_Param_CAM/xapp1151_cam_v1_1'.
INFO: [IP_Flow 19-234] Refreshing IP repositories
INFO: [IP_Flow 19-1700] Loaded user IP repository '/home/user/projects/mp/majorproject/majorproject.ipdefs/ecemptcamip_1.0_0'.
INFO: [IP_Flow 19-2313] Loaded Vivado IP repository '/home/user/Xilinx/Vivado/2019.1/data/ip'.
INFO: [Coretcl 2-1211] Creating project copy for archival...
INFO: [Coretcl 2-135] resetting runs for excluding generated files from archive...
WARNING: [Coretcl 2-105] Run 'synth_1' is currently active
INFO: [Coretcl 2-133] re-setting run 'synth_1'...
WARNING: [Coretcl 2-105] Run 'mbdesign_rst_clk_wiz_1_100M_0_synth_1' is currently active
INFO: [Coretcl 2-133] re-setting run 'mbdesign_rst_clk_wiz_1_100M_0_synth_1'...
WARNING: [Coretcl 2-105] Run 'mbdesign_axi_uartlite_0_0_synth_1' is currently active
INFO: [Coretcl 2-133] re-setting run 'mbdesign_axi_uartlite_0_0_synth_1'...
WARNING: [Coretcl 2-105] Run 'mbdesign_mii_to_rmii_0_0_synth_1' is currently active
INFO: [Coretcl 2-133] re-setting run 'mbdesign_mii_to_rmii_0_0_synth_1'...
WARNING: [Coretcl 2-105] Run 'mbdesign_dlmb_v10_0_synth_1' is currently active
INFO: [Coretcl 2-133] re-setting run 'mbdesign_dlmb_v10_0_synth_1'...
WARNING: [Coretcl 2-105] Run 'mbdesign_ilmb_v10_0_synth_1' is currently active
INFO: [Coretcl 2-133] re-setting run 'mbdesign_ilmb_v10_0_synth_1'...
WARNING: [Coretcl 2-105] Run 'mbdesign_ilmb_bram_if_cntlr_0_synth_1' is currently active
INFO: [Coretcl 2-133] re-setting run 'mbdesign_ilmb_bram_if_cntlr_0_synth_1'...
WARNING: [Coretcl 2-105] Run 'mbdesign_xbar_0_synth_1' is currently active
INFO: [Coretcl 2-133] re-setting run 'mbdesign_xbar_0_synth_1'...
WARNING: [Coretcl 2-105] Run 'mbdesign_lmb_bram_0_synth_1' is currently active
INFO: [Coretcl 2-133] re-setting run 'mbdesign_lmb_bram_0_synth_1'...
WARNING: [Coretcl 2-105] Run 'mbdesign_dlmb_bram_if_cntlr_0_synth_1' is currently active
INFO: [Coretcl 2-133] re-setting run 'mbdesign_dlmb_bram_if_cntlr_0_synth_1'...
WARNING: [Coretcl 2-105] Run 'mbdesign_microblaze_0_0_synth_1' is currently active
INFO: [Coretcl 2-133] re-setting run 'mbdesign_microblaze_0_0_synth_1'...
WARNING: [Coretcl 2-105] Run 'mbdesign_mdm_1_0_synth_1' is currently active
INFO: [Coretcl 2-133] re-setting run 'mbdesign_mdm_1_0_synth_1'...
WARNING: [Coretcl 2-105] Run 'mbdesign_clk_wiz_1_0_synth_1' is currently active
INFO: [Coretcl 2-133] re-setting run 'mbdesign_clk_wiz_1_0_synth_1'...
WARNING: [Coretcl 2-105] Run 'mbdesign_microblaze_0_axi_intc_0_synth_1' is currently active
INFO: [Coretcl 2-133] re-setting run 'mbdesign_microblaze_0_axi_intc_0_synth_1'...
WARNING: [Coretcl 2-105] Run 'mbdesign_rst_mig_7series_0_81M_0_synth_1' is currently active
INFO: [Coretcl 2-133] re-setting run 'mbdesign_rst_mig_7series_0_81M_0_synth_1'...
WARNING: [Coretcl 2-105] Run 'mbdesign_axi_ethernetlite_0_0_synth_1' is currently active
INFO: [Coretcl 2-133] re-setting run 'mbdesign_axi_ethernetlite_0_0_synth_1'...
WARNING: [Coretcl 2-105] Run 'mbdesign_axi_timer_0_0_synth_1' is currently active
INFO: [Coretcl 2-133] re-setting run 'mbdesign_axi_timer_0_0_synth_1'...
WARNING: [Coretcl 2-105] Run 'mbdesign_axi_smc_0_synth_1' is currently active
INFO: [Coretcl 2-133] re-setting run 'mbdesign_axi_smc_0_synth_1'...
WARNING: [Coretcl 2-105] Run 'mbdesign_ecemptcamip_0_0_synth_1' is currently active
INFO: [Coretcl 2-133] re-setting run 'mbdesign_ecemptcamip_0_0_synth_1'...
INFO: [Coretcl 2-133] re-setting run 'impl_1'...
INFO: [Coretcl 2-133] re-setting run 'mbdesign_rst_clk_wiz_1_100M_0_impl_1'...
INFO: [Coretcl 2-133] re-setting run 'mbdesign_axi_uartlite_0_0_impl_1'...
INFO: [Coretcl 2-133] re-setting run 'mbdesign_mii_to_rmii_0_0_impl_1'...
INFO: [Coretcl 2-133] re-setting run 'mbdesign_dlmb_v10_0_impl_1'...
INFO: [Coretcl 2-133] re-setting run 'mbdesign_ilmb_v10_0_impl_1'...
INFO: [Coretcl 2-133] re-setting run 'mbdesign_ilmb_bram_if_cntlr_0_impl_1'...
INFO: [Coretcl 2-133] re-setting run 'mbdesign_xbar_0_impl_1'...
INFO: [Coretcl 2-133] re-setting run 'mbdesign_lmb_bram_0_impl_1'...
INFO: [Coretcl 2-133] re-setting run 'mbdesign_dlmb_bram_if_cntlr_0_impl_1'...
INFO: [Coretcl 2-133] re-setting run 'mbdesign_microblaze_0_0_impl_1'...
INFO: [Coretcl 2-133] re-setting run 'mbdesign_mdm_1_0_impl_1'...
INFO: [Coretcl 2-133] re-setting run 'mbdesign_clk_wiz_1_0_impl_1'...
INFO: [Coretcl 2-133] re-setting run 'mbdesign_microblaze_0_axi_intc_0_impl_1'...
INFO: [Coretcl 2-133] re-setting run 'mbdesign_rst_mig_7series_0_81M_0_impl_1'...
INFO: [Coretcl 2-133] re-setting run 'mbdesign_axi_ethernetlite_0_0_impl_1'...
INFO: [Coretcl 2-133] re-setting run 'mbdesign_axi_timer_0_0_impl_1'...
INFO: [Coretcl 2-133] re-setting run 'mbdesign_axi_smc_0_impl_1'...
INFO: [Coretcl 2-133] re-setting run 'mbdesign_ecemptcamip_0_0_impl_1'...
INFO: [Coretcl 2-1212] Importing remotely added design sources and verilog include files (if any)...
INFO: [filemgmt 20-334] All file(s) are already imported in fileset: 'mbdesign_axi_ethernetlite_0_0'
INFO: [filemgmt 20-348] Importing the appropriate files for fileset: 'mbdesign_axi_ethernetlite_0_0'
INFO: [filemgmt 20-334] All file(s) are already imported in fileset: 'mbdesign_axi_smc_0'
INFO: [filemgmt 20-348] Importing the appropriate files for fileset: 'mbdesign_axi_smc_0'
INFO: [filemgmt 20-334] All file(s) are already imported in fileset: 'mbdesign_axi_timer_0_0'
INFO: [filemgmt 20-348] Importing the appropriate files for fileset: 'mbdesign_axi_timer_0_0'
INFO: [filemgmt 20-334] All file(s) are already imported in fileset: 'mbdesign_axi_uartlite_0_0'
INFO: [filemgmt 20-348] Importing the appropriate files for fileset: 'mbdesign_axi_uartlite_0_0'
INFO: [filemgmt 20-334] All file(s) are already imported in fileset: 'mbdesign_clk_wiz_1_0'
INFO: [filemgmt 20-348] Importing the appropriate files for fileset: 'mbdesign_clk_wiz_1_0'
INFO: [filemgmt 20-334] All file(s) are already imported in fileset: 'mbdesign_dlmb_bram_if_cntlr_0'
INFO: [filemgmt 20-348] Importing the appropriate files for fileset: 'mbdesign_dlmb_bram_if_cntlr_0'
INFO: [filemgmt 20-334] All file(s) are already imported in fileset: 'mbdesign_dlmb_v10_0'
INFO: [filemgmt 20-348] Importing the appropriate files for fileset: 'mbdesign_dlmb_v10_0'
INFO: [filemgmt 20-334] All file(s) are already imported in fileset: 'mbdesign_ecemptcamip_0_0'
INFO: [filemgmt 20-348] Importing the appropriate files for fileset: 'mbdesign_ecemptcamip_0_0'
INFO: [filemgmt 20-334] All file(s) are already imported in fileset: 'mbdesign_ilmb_bram_if_cntlr_0'
INFO: [filemgmt 20-348] Importing the appropriate files for fileset: 'mbdesign_ilmb_bram_if_cntlr_0'
INFO: [filemgmt 20-334] All file(s) are already imported in fileset: 'mbdesign_ilmb_v10_0'
INFO: [filemgmt 20-348] Importing the appropriate files for fileset: 'mbdesign_ilmb_v10_0'
INFO: [filemgmt 20-334] All file(s) are already imported in fileset: 'mbdesign_lmb_bram_0'
INFO: [filemgmt 20-348] Importing the appropriate files for fileset: 'mbdesign_lmb_bram_0'
INFO: [filemgmt 20-334] All file(s) are already imported in fileset: 'mbdesign_mdm_1_0'
INFO: [filemgmt 20-348] Importing the appropriate files for fileset: 'mbdesign_mdm_1_0'
INFO: [filemgmt 20-334] All file(s) are already imported in fileset: 'mbdesign_microblaze_0_0'
INFO: [filemgmt 20-348] Importing the appropriate files for fileset: 'mbdesign_microblaze_0_0'
INFO: [filemgmt 20-334] All file(s) are already imported in fileset: 'mbdesign_microblaze_0_axi_intc_0'
INFO: [filemgmt 20-348] Importing the appropriate files for fileset: 'mbdesign_microblaze_0_axi_intc_0'
INFO: [filemgmt 20-334] All file(s) are already imported in fileset: 'mbdesign_mii_to_rmii_0_0'
INFO: [filemgmt 20-348] Importing the appropriate files for fileset: 'mbdesign_mii_to_rmii_0_0'
INFO: [filemgmt 20-334] All file(s) are already imported in fileset: 'mbdesign_rst_clk_wiz_1_100M_0'
INFO: [filemgmt 20-348] Importing the appropriate files for fileset: 'mbdesign_rst_clk_wiz_1_100M_0'
INFO: [filemgmt 20-334] All file(s) are already imported in fileset: 'mbdesign_rst_mig_7series_0_81M_0'
INFO: [filemgmt 20-348] Importing the appropriate files for fileset: 'mbdesign_rst_mig_7series_0_81M_0'
INFO: [filemgmt 20-334] All file(s) are already imported in fileset: 'mbdesign_xbar_0'
INFO: [filemgmt 20-348] Importing the appropriate files for fileset: 'mbdesign_xbar_0'
INFO: [filemgmt 20-334] All file(s) are already imported in fileset: 'constrs_1'
INFO: [filemgmt 20-348] Importing the appropriate files for fileset: 'constrs_1'
INFO: [filemgmt 20-348] Importing the appropriate files for fileset: 'sources_1'
