15:36:08 INFO  : Registering command handlers for SDK TCF services
15:36:10 INFO  : Launching XSCT server: xsct.bat -interactive C:\Users\utkar\majorproject\majorproject.sdk\temp_xsdb_launch_script.tcl
15:36:13 INFO  : XSCT server has started successfully.
15:36:16 INFO  : Successfully done setting XSCT server connection channel  
15:36:16 INFO  : Successfully done setting SDK workspace  
15:36:16 INFO  : Processing command line option -hwspec C:/Users/utkar/majorproject/majorproject.sdk/mbdesign_wrapper.hdf.
15:37:35 INFO  : Refreshed build settings on project echo_server
15:37:56 INFO  : Connected to target on host '127.0.0.1' and port '3121'.
15:37:56 INFO  : 'targets -set -filter {jtag_cable_name =~ "Digilent Nexys4DDR 210292744084A" && level==0} -index 0' command is executed.
15:37:58 INFO  : FPGA configured successfully with bitstream "C:/Users/utkar/majorproject/majorproject.sdk/mbdesign_wrapper_hw_platform_0/download.bit"
15:38:08 INFO  : 'targets -set -filter {jtag_cable_name =~ "Digilent Nexys4DDR 210292744084A" && level==0} -index 0' command is executed.
15:38:09 INFO  : 'fpga -state' command is executed.
15:38:09 INFO  : Connected to target on host '127.0.0.1' and port '3121'.
15:38:09 INFO  : Jtag cable 'Digilent Nexys4DDR 210292744084A' is selected.
15:38:09 INFO  : 'jtag frequency' command is executed.
15:38:09 INFO  : 'configparams mdm-detect-bscan-mask 2' command is executed.
15:38:09 INFO  : Context for processor 'microblaze_0' is selected.
15:38:09 INFO  : Processor reset is completed for 'microblaze_0'.
15:38:09 INFO  : Context for processor 'microblaze_0' is selected.
15:38:09 INFO  : The application 'C:/Users/utkar/majorproject/majorproject.sdk/echo_server/Debug/echo_server.elf' is downloaded to processor 'microblaze_0'.
15:38:09 INFO  : ----------------XSDB Script----------------
connect -url tcp:127.0.0.1:3121
configparams mdm-detect-bscan-mask 2
targets -set -nocase -filter {name =~ "microblaze*#0" && bscan=="USER2"  && jtag_cable_name =~ "Digilent Nexys4DDR 210292744084A"} -index 0
rst -processor
targets -set -nocase -filter {name =~ "microblaze*#0" && bscan=="USER2"  && jtag_cable_name =~ "Digilent Nexys4DDR 210292744084A"} -index 0
dow C:/Users/utkar/majorproject/majorproject.sdk/echo_server/Debug/echo_server.elf
----------------End of Script----------------

15:38:09 INFO  : Context for processor 'microblaze_0' is selected.
15:38:09 INFO  : 'con' command is executed.
15:38:09 INFO  : ----------------XSDB Script (After Launch)----------------
targets -set -nocase -filter {name =~ "microblaze*#0" && bscan=="USER2"  && jtag_cable_name =~ "Digilent Nexys4DDR 210292744084A"} -index 0
con
----------------End of Script----------------

15:38:09 INFO  : Disconnected from the channel tcfchan#1.
15:44:08 INFO  : 'targets -set -filter {jtag_cable_name =~ "Digilent Nexys4DDR 210292744084A" && level==0} -index 0' command is executed.
15:44:08 INFO  : 'fpga -state' command is executed.
15:44:08 INFO  : Connected to target on host '127.0.0.1' and port '3121'.
15:44:08 INFO  : Jtag cable 'Digilent Nexys4DDR 210292744084A' is selected.
15:44:08 INFO  : 'jtag frequency' command is executed.
15:44:08 INFO  : 'configparams mdm-detect-bscan-mask 2' command is executed.
15:44:08 INFO  : Context for processor 'microblaze_0' is selected.
15:44:08 INFO  : Processor reset is completed for 'microblaze_0'.
15:44:08 INFO  : Context for processor 'microblaze_0' is selected.
15:44:08 INFO  : The application 'C:/Users/utkar/majorproject/majorproject.sdk/echo_server/Debug/echo_server.elf' is downloaded to processor 'microblaze_0'.
15:44:08 INFO  : ----------------XSDB Script----------------
connect -url tcp:127.0.0.1:3121
configparams mdm-detect-bscan-mask 2
targets -set -nocase -filter {name =~ "microblaze*#0" && bscan=="USER2"  && jtag_cable_name =~ "Digilent Nexys4DDR 210292744084A"} -index 0
rst -processor
targets -set -nocase -filter {name =~ "microblaze*#0" && bscan=="USER2"  && jtag_cable_name =~ "Digilent Nexys4DDR 210292744084A"} -index 0
dow C:/Users/utkar/majorproject/majorproject.sdk/echo_server/Debug/echo_server.elf
----------------End of Script----------------

15:44:08 INFO  : Context for processor 'microblaze_0' is selected.
15:44:08 INFO  : 'con' command is executed.
15:44:08 INFO  : ----------------XSDB Script (After Launch)----------------
targets -set -nocase -filter {name =~ "microblaze*#0" && bscan=="USER2"  && jtag_cable_name =~ "Digilent Nexys4DDR 210292744084A"} -index 0
con
----------------End of Script----------------

15:44:08 INFO  : Disconnected from the channel tcfchan#2.
15:45:46 INFO  : 'targets -set -filter {jtag_cable_name =~ "Digilent Nexys4DDR 210292744084A" && level==0} -index 0' command is executed.
15:45:46 INFO  : 'fpga -state' command is executed.
15:45:46 INFO  : Connected to target on host '127.0.0.1' and port '3121'.
15:45:46 INFO  : Jtag cable 'Digilent Nexys4DDR 210292744084A' is selected.
15:45:46 INFO  : 'jtag frequency' command is executed.
15:45:46 INFO  : 'configparams mdm-detect-bscan-mask 2' command is executed.
15:45:46 INFO  : Context for processor 'microblaze_0' is selected.
15:45:46 INFO  : Processor reset is completed for 'microblaze_0'.
15:45:46 INFO  : Context for processor 'microblaze_0' is selected.
15:45:46 INFO  : The application 'C:/Users/utkar/majorproject/majorproject.sdk/echo_server/Debug/echo_server.elf' is downloaded to processor 'microblaze_0'.
15:45:46 INFO  : ----------------XSDB Script----------------
connect -url tcp:127.0.0.1:3121
configparams mdm-detect-bscan-mask 2
targets -set -nocase -filter {name =~ "microblaze*#0" && bscan=="USER2"  && jtag_cable_name =~ "Digilent Nexys4DDR 210292744084A"} -index 0
rst -processor
targets -set -nocase -filter {name =~ "microblaze*#0" && bscan=="USER2"  && jtag_cable_name =~ "Digilent Nexys4DDR 210292744084A"} -index 0
dow C:/Users/utkar/majorproject/majorproject.sdk/echo_server/Debug/echo_server.elf
----------------End of Script----------------

15:45:46 INFO  : Context for processor 'microblaze_0' is selected.
15:45:46 INFO  : 'con' command is executed.
15:45:46 INFO  : ----------------XSDB Script (After Launch)----------------
targets -set -nocase -filter {name =~ "microblaze*#0" && bscan=="USER2"  && jtag_cable_name =~ "Digilent Nexys4DDR 210292744084A"} -index 0
con
----------------End of Script----------------

15:45:46 INFO  : Disconnected from the channel tcfchan#3.
15:47:51 INFO  : 'targets -set -filter {jtag_cable_name =~ "Digilent Nexys4DDR 210292744084A" && level==0} -index 0' command is executed.
15:47:51 INFO  : 'fpga -state' command is executed.
15:47:51 INFO  : Connected to target on host '127.0.0.1' and port '3121'.
15:47:51 INFO  : Jtag cable 'Digilent Nexys4DDR 210292744084A' is selected.
15:47:51 INFO  : 'jtag frequency' command is executed.
15:47:51 INFO  : 'configparams mdm-detect-bscan-mask 2' command is executed.
15:47:51 INFO  : Context for processor 'microblaze_0' is selected.
15:47:51 INFO  : Processor reset is completed for 'microblaze_0'.
15:47:51 INFO  : Context for processor 'microblaze_0' is selected.
15:47:51 INFO  : The application 'C:/Users/utkar/majorproject/majorproject.sdk/echo_server/Debug/echo_server.elf' is downloaded to processor 'microblaze_0'.
15:47:51 INFO  : ----------------XSDB Script----------------
connect -url tcp:127.0.0.1:3121
configparams mdm-detect-bscan-mask 2
targets -set -nocase -filter {name =~ "microblaze*#0" && bscan=="USER2"  && jtag_cable_name =~ "Digilent Nexys4DDR 210292744084A"} -index 0
rst -processor
targets -set -nocase -filter {name =~ "microblaze*#0" && bscan=="USER2"  && jtag_cable_name =~ "Digilent Nexys4DDR 210292744084A"} -index 0
dow C:/Users/utkar/majorproject/majorproject.sdk/echo_server/Debug/echo_server.elf
----------------End of Script----------------

15:47:51 INFO  : Context for processor 'microblaze_0' is selected.
15:47:51 INFO  : 'con' command is executed.
15:47:51 INFO  : ----------------XSDB Script (After Launch)----------------
targets -set -nocase -filter {name =~ "microblaze*#0" && bscan=="USER2"  && jtag_cable_name =~ "Digilent Nexys4DDR 210292744084A"} -index 0
con
----------------End of Script----------------

15:47:51 INFO  : Disconnected from the channel tcfchan#4.
15:51:20 INFO  : 'targets -set -filter {jtag_cable_name =~ "Digilent Nexys4DDR 210292744084A" && level==0} -index 0' command is executed.
15:51:20 INFO  : 'fpga -state' command is executed.
15:51:20 INFO  : Connected to target on host '127.0.0.1' and port '3121'.
15:51:20 INFO  : Jtag cable 'Digilent Nexys4DDR 210292744084A' is selected.
15:51:20 INFO  : 'jtag frequency' command is executed.
15:51:20 INFO  : 'configparams mdm-detect-bscan-mask 2' command is executed.
15:51:20 INFO  : Context for processor 'microblaze_0' is selected.
15:51:20 INFO  : Processor reset is completed for 'microblaze_0'.
15:51:20 INFO  : Context for processor 'microblaze_0' is selected.
15:51:21 INFO  : The application 'C:/Users/utkar/majorproject/majorproject.sdk/echo_server/Debug/echo_server.elf' is downloaded to processor 'microblaze_0'.
15:51:21 INFO  : ----------------XSDB Script----------------
connect -url tcp:127.0.0.1:3121
configparams mdm-detect-bscan-mask 2
targets -set -nocase -filter {name =~ "microblaze*#0" && bscan=="USER2"  && jtag_cable_name =~ "Digilent Nexys4DDR 210292744084A"} -index 0
rst -processor
targets -set -nocase -filter {name =~ "microblaze*#0" && bscan=="USER2"  && jtag_cable_name =~ "Digilent Nexys4DDR 210292744084A"} -index 0
dow C:/Users/utkar/majorproject/majorproject.sdk/echo_server/Debug/echo_server.elf
----------------End of Script----------------

15:51:21 INFO  : Context for processor 'microblaze_0' is selected.
15:51:21 INFO  : 'con' command is executed.
15:51:21 INFO  : ----------------XSDB Script (After Launch)----------------
targets -set -nocase -filter {name =~ "microblaze*#0" && bscan=="USER2"  && jtag_cable_name =~ "Digilent Nexys4DDR 210292744084A"} -index 0
con
----------------End of Script----------------

15:51:21 INFO  : Disconnected from the channel tcfchan#5.
15:52:27 INFO  : 'targets -set -filter {jtag_cable_name =~ "Digilent Nexys4DDR 210292744084A" && level==0} -index 0' command is executed.
15:52:27 INFO  : 'fpga -state' command is executed.
15:52:27 INFO  : Connected to target on host '127.0.0.1' and port '3121'.
15:52:27 INFO  : Jtag cable 'Digilent Nexys4DDR 210292744084A' is selected.
15:52:27 INFO  : 'jtag frequency' command is executed.
15:52:27 INFO  : 'configparams mdm-detect-bscan-mask 2' command is executed.
15:52:27 INFO  : Context for processor 'microblaze_0' is selected.
15:52:27 INFO  : Processor reset is completed for 'microblaze_0'.
15:52:27 INFO  : Context for processor 'microblaze_0' is selected.
15:52:27 INFO  : The application 'C:/Users/utkar/majorproject/majorproject.sdk/echo_server/Debug/echo_server.elf' is downloaded to processor 'microblaze_0'.
15:52:27 INFO  : ----------------XSDB Script----------------
connect -url tcp:127.0.0.1:3121
configparams mdm-detect-bscan-mask 2
targets -set -nocase -filter {name =~ "microblaze*#0" && bscan=="USER2"  && jtag_cable_name =~ "Digilent Nexys4DDR 210292744084A"} -index 0
rst -processor
targets -set -nocase -filter {name =~ "microblaze*#0" && bscan=="USER2"  && jtag_cable_name =~ "Digilent Nexys4DDR 210292744084A"} -index 0
dow C:/Users/utkar/majorproject/majorproject.sdk/echo_server/Debug/echo_server.elf
----------------End of Script----------------

15:52:27 INFO  : Context for processor 'microblaze_0' is selected.
15:52:27 INFO  : 'con' command is executed.
15:52:27 INFO  : ----------------XSDB Script (After Launch)----------------
targets -set -nocase -filter {name =~ "microblaze*#0" && bscan=="USER2"  && jtag_cable_name =~ "Digilent Nexys4DDR 210292744084A"} -index 0
con
----------------End of Script----------------

15:52:27 INFO  : Disconnected from the channel tcfchan#6.
15:53:30 INFO  : 'targets -set -filter {jtag_cable_name =~ "Digilent Nexys4DDR 210292744084A" && level==0} -index 0' command is executed.
15:53:30 INFO  : 'fpga -state' command is executed.
15:53:30 INFO  : Connected to target on host '127.0.0.1' and port '3121'.
15:53:30 INFO  : Jtag cable 'Digilent Nexys4DDR 210292744084A' is selected.
15:53:30 INFO  : 'jtag frequency' command is executed.
15:53:30 INFO  : 'configparams mdm-detect-bscan-mask 2' command is executed.
15:53:30 INFO  : Context for processor 'microblaze_0' is selected.
15:53:30 INFO  : Processor reset is completed for 'microblaze_0'.
15:53:30 INFO  : Context for processor 'microblaze_0' is selected.
15:53:30 INFO  : The application 'C:/Users/utkar/majorproject/majorproject.sdk/echo_server/Debug/echo_server.elf' is downloaded to processor 'microblaze_0'.
15:53:30 INFO  : ----------------XSDB Script----------------
connect -url tcp:127.0.0.1:3121
configparams mdm-detect-bscan-mask 2
targets -set -nocase -filter {name =~ "microblaze*#0" && bscan=="USER2"  && jtag_cable_name =~ "Digilent Nexys4DDR 210292744084A"} -index 0
rst -processor
targets -set -nocase -filter {name =~ "microblaze*#0" && bscan=="USER2"  && jtag_cable_name =~ "Digilent Nexys4DDR 210292744084A"} -index 0
dow C:/Users/utkar/majorproject/majorproject.sdk/echo_server/Debug/echo_server.elf
----------------End of Script----------------

15:53:30 INFO  : Context for processor 'microblaze_0' is selected.
15:53:30 INFO  : 'con' command is executed.
15:53:30 INFO  : ----------------XSDB Script (After Launch)----------------
targets -set -nocase -filter {name =~ "microblaze*#0" && bscan=="USER2"  && jtag_cable_name =~ "Digilent Nexys4DDR 210292744084A"} -index 0
con
----------------End of Script----------------

15:53:30 INFO  : Disconnected from the channel tcfchan#7.
15:54:36 INFO  : 'targets -set -filter {jtag_cable_name =~ "Digilent Nexys4DDR 210292744084A" && level==0} -index 0' command is executed.
15:54:36 INFO  : 'fpga -state' command is executed.
15:54:36 INFO  : Connected to target on host '127.0.0.1' and port '3121'.
15:54:37 INFO  : Jtag cable 'Digilent Nexys4DDR 210292744084A' is selected.
15:54:37 INFO  : 'jtag frequency' command is executed.
15:54:37 INFO  : 'configparams mdm-detect-bscan-mask 2' command is executed.
15:54:37 INFO  : Context for processor 'microblaze_0' is selected.
15:54:37 INFO  : Processor reset is completed for 'microblaze_0'.
15:54:37 INFO  : Context for processor 'microblaze_0' is selected.
15:54:37 INFO  : The application 'C:/Users/utkar/majorproject/majorproject.sdk/echo_server/Debug/echo_server.elf' is downloaded to processor 'microblaze_0'.
15:54:37 INFO  : ----------------XSDB Script----------------
connect -url tcp:127.0.0.1:3121
configparams mdm-detect-bscan-mask 2
targets -set -nocase -filter {name =~ "microblaze*#0" && bscan=="USER2"  && jtag_cable_name =~ "Digilent Nexys4DDR 210292744084A"} -index 0
rst -processor
targets -set -nocase -filter {name =~ "microblaze*#0" && bscan=="USER2"  && jtag_cable_name =~ "Digilent Nexys4DDR 210292744084A"} -index 0
dow C:/Users/utkar/majorproject/majorproject.sdk/echo_server/Debug/echo_server.elf
----------------End of Script----------------

15:54:37 INFO  : Context for processor 'microblaze_0' is selected.
15:54:37 INFO  : 'con' command is executed.
15:54:37 INFO  : ----------------XSDB Script (After Launch)----------------
targets -set -nocase -filter {name =~ "microblaze*#0" && bscan=="USER2"  && jtag_cable_name =~ "Digilent Nexys4DDR 210292744084A"} -index 0
con
----------------End of Script----------------

15:54:37 INFO  : Disconnected from the channel tcfchan#8.
16:01:55 INFO  : 'targets -set -filter {jtag_cable_name =~ "Digilent Nexys4DDR 210292744084A" && level==0} -index 0' command is executed.
16:01:55 INFO  : 'fpga -state' command is executed.
16:01:55 INFO  : Connected to target on host '127.0.0.1' and port '3121'.
16:01:55 INFO  : Jtag cable 'Digilent Nexys4DDR 210292744084A' is selected.
16:01:55 INFO  : 'jtag frequency' command is executed.
16:01:55 INFO  : 'configparams mdm-detect-bscan-mask 2' command is executed.
16:01:55 INFO  : Context for processor 'microblaze_0' is selected.
16:01:55 INFO  : Processor reset is completed for 'microblaze_0'.
16:01:55 INFO  : Context for processor 'microblaze_0' is selected.
16:01:55 INFO  : The application 'C:/Users/utkar/majorproject/majorproject.sdk/echo_server/Debug/echo_server.elf' is downloaded to processor 'microblaze_0'.
16:01:55 INFO  : ----------------XSDB Script----------------
connect -url tcp:127.0.0.1:3121
configparams mdm-detect-bscan-mask 2
targets -set -nocase -filter {name =~ "microblaze*#0" && bscan=="USER2"  && jtag_cable_name =~ "Digilent Nexys4DDR 210292744084A"} -index 0
rst -processor
targets -set -nocase -filter {name =~ "microblaze*#0" && bscan=="USER2"  && jtag_cable_name =~ "Digilent Nexys4DDR 210292744084A"} -index 0
dow C:/Users/utkar/majorproject/majorproject.sdk/echo_server/Debug/echo_server.elf
----------------End of Script----------------

16:01:55 INFO  : Context for processor 'microblaze_0' is selected.
16:01:55 INFO  : 'con' command is executed.
16:01:55 INFO  : ----------------XSDB Script (After Launch)----------------
targets -set -nocase -filter {name =~ "microblaze*#0" && bscan=="USER2"  && jtag_cable_name =~ "Digilent Nexys4DDR 210292744084A"} -index 0
con
----------------End of Script----------------

16:01:55 INFO  : Disconnected from the channel tcfchan#9.
16:04:49 INFO  : 'targets -set -filter {jtag_cable_name =~ "Digilent Nexys4DDR 210292744084A" && level==0} -index 0' command is executed.
16:04:49 INFO  : 'fpga -state' command is executed.
16:04:49 INFO  : Connected to target on host '127.0.0.1' and port '3121'.
16:04:49 INFO  : Jtag cable 'Digilent Nexys4DDR 210292744084A' is selected.
16:04:49 INFO  : 'jtag frequency' command is executed.
16:04:49 INFO  : 'configparams mdm-detect-bscan-mask 2' command is executed.
16:04:49 INFO  : Context for processor 'microblaze_0' is selected.
16:04:49 INFO  : Processor reset is completed for 'microblaze_0'.
16:04:49 INFO  : Context for processor 'microblaze_0' is selected.
16:04:49 INFO  : The application 'C:/Users/utkar/majorproject/majorproject.sdk/echo_server/Debug/echo_server.elf' is downloaded to processor 'microblaze_0'.
16:04:49 INFO  : ----------------XSDB Script----------------
connect -url tcp:127.0.0.1:3121
configparams mdm-detect-bscan-mask 2
targets -set -nocase -filter {name =~ "microblaze*#0" && bscan=="USER2"  && jtag_cable_name =~ "Digilent Nexys4DDR 210292744084A"} -index 0
rst -processor
targets -set -nocase -filter {name =~ "microblaze*#0" && bscan=="USER2"  && jtag_cable_name =~ "Digilent Nexys4DDR 210292744084A"} -index 0
dow C:/Users/utkar/majorproject/majorproject.sdk/echo_server/Debug/echo_server.elf
----------------End of Script----------------

16:04:49 INFO  : Context for processor 'microblaze_0' is selected.
16:04:49 INFO  : 'con' command is executed.
16:04:49 INFO  : ----------------XSDB Script (After Launch)----------------
targets -set -nocase -filter {name =~ "microblaze*#0" && bscan=="USER2"  && jtag_cable_name =~ "Digilent Nexys4DDR 210292744084A"} -index 0
con
----------------End of Script----------------

16:04:49 INFO  : Disconnected from the channel tcfchan#10.
16:06:23 INFO  : 'targets -set -filter {jtag_cable_name =~ "Digilent Nexys4DDR 210292744084A" && level==0} -index 0' command is executed.
16:06:23 INFO  : 'fpga -state' command is executed.
16:06:23 INFO  : Connected to target on host '127.0.0.1' and port '3121'.
16:06:24 INFO  : Jtag cable 'Digilent Nexys4DDR 210292744084A' is selected.
16:06:24 INFO  : 'jtag frequency' command is executed.
16:06:24 INFO  : 'configparams mdm-detect-bscan-mask 2' command is executed.
16:06:24 INFO  : Context for processor 'microblaze_0' is selected.
16:06:24 INFO  : Processor reset is completed for 'microblaze_0'.
16:06:24 INFO  : Context for processor 'microblaze_0' is selected.
16:06:24 INFO  : The application 'C:/Users/utkar/majorproject/majorproject.sdk/echo_server/Debug/echo_server.elf' is downloaded to processor 'microblaze_0'.
16:06:24 INFO  : ----------------XSDB Script----------------
connect -url tcp:127.0.0.1:3121
configparams mdm-detect-bscan-mask 2
targets -set -nocase -filter {name =~ "microblaze*#0" && bscan=="USER2"  && jtag_cable_name =~ "Digilent Nexys4DDR 210292744084A"} -index 0
rst -processor
targets -set -nocase -filter {name =~ "microblaze*#0" && bscan=="USER2"  && jtag_cable_name =~ "Digilent Nexys4DDR 210292744084A"} -index 0
dow C:/Users/utkar/majorproject/majorproject.sdk/echo_server/Debug/echo_server.elf
----------------End of Script----------------

16:06:24 INFO  : Context for processor 'microblaze_0' is selected.
16:06:24 INFO  : 'con' command is executed.
16:06:24 INFO  : ----------------XSDB Script (After Launch)----------------
targets -set -nocase -filter {name =~ "microblaze*#0" && bscan=="USER2"  && jtag_cable_name =~ "Digilent Nexys4DDR 210292744084A"} -index 0
con
----------------End of Script----------------

16:06:24 INFO  : Disconnected from the channel tcfchan#11.
16:23:12 INFO  : 'targets -set -filter {jtag_cable_name =~ "Digilent Nexys4DDR 210292744084A" && level==0} -index 0' command is executed.
16:23:12 INFO  : 'fpga -state' command is executed.
16:23:12 INFO  : Connected to target on host '127.0.0.1' and port '3121'.
16:23:12 INFO  : Jtag cable 'Digilent Nexys4DDR 210292744084A' is selected.
16:23:12 INFO  : 'jtag frequency' command is executed.
16:23:12 INFO  : 'configparams mdm-detect-bscan-mask 2' command is executed.
16:23:12 INFO  : Context for processor 'microblaze_0' is selected.
16:23:12 INFO  : Processor reset is completed for 'microblaze_0'.
16:23:12 INFO  : Context for processor 'microblaze_0' is selected.
16:23:12 INFO  : The application 'C:/Users/utkar/majorproject/majorproject.sdk/echo_server/Debug/echo_server.elf' is downloaded to processor 'microblaze_0'.
16:23:12 INFO  : ----------------XSDB Script----------------
connect -url tcp:127.0.0.1:3121
configparams mdm-detect-bscan-mask 2
targets -set -nocase -filter {name =~ "microblaze*#0" && bscan=="USER2"  && jtag_cable_name =~ "Digilent Nexys4DDR 210292744084A"} -index 0
rst -processor
targets -set -nocase -filter {name =~ "microblaze*#0" && bscan=="USER2"  && jtag_cable_name =~ "Digilent Nexys4DDR 210292744084A"} -index 0
dow C:/Users/utkar/majorproject/majorproject.sdk/echo_server/Debug/echo_server.elf
----------------End of Script----------------

16:23:12 INFO  : Context for processor 'microblaze_0' is selected.
16:23:12 INFO  : 'con' command is executed.
16:23:12 INFO  : ----------------XSDB Script (After Launch)----------------
targets -set -nocase -filter {name =~ "microblaze*#0" && bscan=="USER2"  && jtag_cable_name =~ "Digilent Nexys4DDR 210292744084A"} -index 0
con
----------------End of Script----------------

16:23:12 INFO  : Disconnected from the channel tcfchan#12.
16:26:46 INFO  : 'targets -set -filter {jtag_cable_name =~ "Digilent Nexys4DDR 210292744084A" && level==0} -index 0' command is executed.
16:26:46 INFO  : 'fpga -state' command is executed.
16:26:46 INFO  : Connected to target on host '127.0.0.1' and port '3121'.
16:26:46 INFO  : Jtag cable 'Digilent Nexys4DDR 210292744084A' is selected.
16:26:46 INFO  : 'jtag frequency' command is executed.
16:26:46 INFO  : 'configparams mdm-detect-bscan-mask 2' command is executed.
16:26:46 INFO  : Context for processor 'microblaze_0' is selected.
16:26:46 INFO  : Processor reset is completed for 'microblaze_0'.
16:26:46 INFO  : Context for processor 'microblaze_0' is selected.
16:26:46 INFO  : The application 'C:/Users/utkar/majorproject/majorproject.sdk/echo_server/Debug/echo_server.elf' is downloaded to processor 'microblaze_0'.
16:26:46 INFO  : ----------------XSDB Script----------------
connect -url tcp:127.0.0.1:3121
configparams mdm-detect-bscan-mask 2
targets -set -nocase -filter {name =~ "microblaze*#0" && bscan=="USER2"  && jtag_cable_name =~ "Digilent Nexys4DDR 210292744084A"} -index 0
rst -processor
targets -set -nocase -filter {name =~ "microblaze*#0" && bscan=="USER2"  && jtag_cable_name =~ "Digilent Nexys4DDR 210292744084A"} -index 0
dow C:/Users/utkar/majorproject/majorproject.sdk/echo_server/Debug/echo_server.elf
----------------End of Script----------------

16:26:46 INFO  : Context for processor 'microblaze_0' is selected.
16:26:46 INFO  : 'con' command is executed.
16:26:46 INFO  : ----------------XSDB Script (After Launch)----------------
targets -set -nocase -filter {name =~ "microblaze*#0" && bscan=="USER2"  && jtag_cable_name =~ "Digilent Nexys4DDR 210292744084A"} -index 0
con
----------------End of Script----------------

16:26:46 INFO  : Disconnected from the channel tcfchan#13.
16:27:57 INFO  : Connected to target on host '127.0.0.1' and port '3121'.
16:27:57 INFO  : 'targets -set -filter {jtag_cable_name =~ "Digilent Nexys4DDR 210292744084A" && level==0} -index 0' command is executed.
16:27:59 INFO  : FPGA configured successfully with bitstream "C:/Users/utkar/majorproject/majorproject.sdk/mbdesign_wrapper_hw_platform_0/download.bit"
21:49:15 INFO  : 'targets -set -filter {jtag_cable_name =~ "Digilent Nexys4DDR 210292744084A" && level==0} -index 0' command is executed.
21:49:15 INFO  : 'fpga -state' command is executed.
21:49:15 INFO  : Connected to target on host '127.0.0.1' and port '3121'.
21:49:15 INFO  : Jtag cable 'Digilent Nexys4DDR 210292744084A' is selected.
21:49:15 INFO  : 'jtag frequency' command is executed.
21:49:15 INFO  : 'configparams mdm-detect-bscan-mask 2' command is executed.
21:49:15 INFO  : Context for processor 'microblaze_0' is selected.
21:49:15 INFO  : Processor reset is completed for 'microblaze_0'.
21:49:15 INFO  : Context for processor 'microblaze_0' is selected.
21:49:15 INFO  : The application 'C:/Users/utkar/majorproject/majorproject.sdk/echo_server/Debug/echo_server.elf' is downloaded to processor 'microblaze_0'.
21:49:15 INFO  : ----------------XSDB Script----------------
connect -url tcp:127.0.0.1:3121
configparams mdm-detect-bscan-mask 2
targets -set -nocase -filter {name =~ "microblaze*#0" && bscan=="USER2"  && jtag_cable_name =~ "Digilent Nexys4DDR 210292744084A"} -index 0
rst -processor
targets -set -nocase -filter {name =~ "microblaze*#0" && bscan=="USER2"  && jtag_cable_name =~ "Digilent Nexys4DDR 210292744084A"} -index 0
dow C:/Users/utkar/majorproject/majorproject.sdk/echo_server/Debug/echo_server.elf
----------------End of Script----------------

21:49:15 INFO  : Context for processor 'microblaze_0' is selected.
21:49:15 INFO  : 'con' command is executed.
21:49:15 INFO  : ----------------XSDB Script (After Launch)----------------
targets -set -nocase -filter {name =~ "microblaze*#0" && bscan=="USER2"  && jtag_cable_name =~ "Digilent Nexys4DDR 210292744084A"} -index 0
con
----------------End of Script----------------

21:49:15 INFO  : Disconnected from the channel tcfchan#14.
21:50:16 INFO  : Refreshed build settings on project tbd
21:50:35 INFO  : 'targets -set -filter {jtag_cable_name =~ "Digilent Nexys4DDR 210292744084A" && level==0} -index 0' command is executed.
21:50:35 INFO  : 'fpga -state' command is executed.
21:50:35 INFO  : Connected to target on host '127.0.0.1' and port '3121'.
21:50:35 INFO  : Jtag cable 'Digilent Nexys4DDR 210292744084A' is selected.
21:50:35 INFO  : 'jtag frequency' command is executed.
21:50:35 INFO  : 'configparams mdm-detect-bscan-mask 2' command is executed.
21:50:35 INFO  : Context for processor 'microblaze_0' is selected.
21:50:35 INFO  : Processor reset is completed for 'microblaze_0'.
21:50:35 INFO  : Context for processor 'microblaze_0' is selected.
21:50:36 INFO  : The application 'C:/Users/utkar/majorproject/majorproject.sdk/tbd/Debug/tbd.elf' is downloaded to processor 'microblaze_0'.
21:50:36 INFO  : ----------------XSDB Script----------------
connect -url tcp:127.0.0.1:3121
configparams mdm-detect-bscan-mask 2
targets -set -nocase -filter {name =~ "microblaze*#0" && bscan=="USER2"  && jtag_cable_name =~ "Digilent Nexys4DDR 210292744084A"} -index 0
rst -processor
targets -set -nocase -filter {name =~ "microblaze*#0" && bscan=="USER2"  && jtag_cable_name =~ "Digilent Nexys4DDR 210292744084A"} -index 0
dow C:/Users/utkar/majorproject/majorproject.sdk/tbd/Debug/tbd.elf
----------------End of Script----------------

21:50:36 INFO  : Context for processor 'microblaze_0' is selected.
21:50:36 INFO  : 'con' command is executed.
21:50:36 INFO  : ----------------XSDB Script (After Launch)----------------
targets -set -nocase -filter {name =~ "microblaze*#0" && bscan=="USER2"  && jtag_cable_name =~ "Digilent Nexys4DDR 210292744084A"} -index 0
con
----------------End of Script----------------

21:50:36 INFO  : Disconnected from the channel tcfchan#15.
21:51:41 INFO  : 'targets -set -filter {jtag_cable_name =~ "Digilent Nexys4DDR 210292744084A" && level==0} -index 0' command is executed.
21:51:41 INFO  : 'fpga -state' command is executed.
21:51:41 INFO  : Connected to target on host '127.0.0.1' and port '3121'.
21:51:42 INFO  : Jtag cable 'Digilent Nexys4DDR 210292744084A' is selected.
21:51:42 INFO  : 'jtag frequency' command is executed.
21:51:42 INFO  : 'configparams mdm-detect-bscan-mask 2' command is executed.
21:51:42 INFO  : Context for processor 'microblaze_0' is selected.
21:51:42 INFO  : Processor reset is completed for 'microblaze_0'.
21:51:42 INFO  : Context for processor 'microblaze_0' is selected.
21:51:42 INFO  : The application 'C:/Users/utkar/majorproject/majorproject.sdk/echo_server/Debug/echo_server.elf' is downloaded to processor 'microblaze_0'.
21:51:42 INFO  : ----------------XSDB Script----------------
connect -url tcp:127.0.0.1:3121
configparams mdm-detect-bscan-mask 2
targets -set -nocase -filter {name =~ "microblaze*#0" && bscan=="USER2"  && jtag_cable_name =~ "Digilent Nexys4DDR 210292744084A"} -index 0
rst -processor
targets -set -nocase -filter {name =~ "microblaze*#0" && bscan=="USER2"  && jtag_cable_name =~ "Digilent Nexys4DDR 210292744084A"} -index 0
dow C:/Users/utkar/majorproject/majorproject.sdk/echo_server/Debug/echo_server.elf
----------------End of Script----------------

21:51:42 INFO  : Context for processor 'microblaze_0' is selected.
21:51:42 INFO  : 'con' command is executed.
21:51:42 INFO  : ----------------XSDB Script (After Launch)----------------
targets -set -nocase -filter {name =~ "microblaze*#0" && bscan=="USER2"  && jtag_cable_name =~ "Digilent Nexys4DDR 210292744084A"} -index 0
con
----------------End of Script----------------

21:51:42 INFO  : Disconnected from the channel tcfchan#16.
21:53:27 INFO  : 'targets -set -filter {jtag_cable_name =~ "Digilent Nexys4DDR 210292744084A" && level==0} -index 0' command is executed.
21:53:27 INFO  : 'fpga -state' command is executed.
21:53:27 INFO  : Connected to target on host '127.0.0.1' and port '3121'.
21:53:27 INFO  : Jtag cable 'Digilent Nexys4DDR 210292744084A' is selected.
21:53:27 INFO  : 'jtag frequency' command is executed.
21:53:27 INFO  : 'configparams mdm-detect-bscan-mask 2' command is executed.
21:53:27 INFO  : Context for processor 'microblaze_0' is selected.
21:53:27 INFO  : Processor reset is completed for 'microblaze_0'.
21:53:27 INFO  : Context for processor 'microblaze_0' is selected.
21:53:27 INFO  : The application 'C:/Users/utkar/majorproject/majorproject.sdk/echo_server/Debug/echo_server.elf' is downloaded to processor 'microblaze_0'.
21:53:27 INFO  : ----------------XSDB Script----------------
connect -url tcp:127.0.0.1:3121
configparams mdm-detect-bscan-mask 2
targets -set -nocase -filter {name =~ "microblaze*#0" && bscan=="USER2"  && jtag_cable_name =~ "Digilent Nexys4DDR 210292744084A"} -index 0
rst -processor
targets -set -nocase -filter {name =~ "microblaze*#0" && bscan=="USER2"  && jtag_cable_name =~ "Digilent Nexys4DDR 210292744084A"} -index 0
dow C:/Users/utkar/majorproject/majorproject.sdk/echo_server/Debug/echo_server.elf
----------------End of Script----------------

21:53:27 INFO  : Context for processor 'microblaze_0' is selected.
21:53:27 INFO  : 'con' command is executed.
21:53:27 INFO  : ----------------XSDB Script (After Launch)----------------
targets -set -nocase -filter {name =~ "microblaze*#0" && bscan=="USER2"  && jtag_cable_name =~ "Digilent Nexys4DDR 210292744084A"} -index 0
con
----------------End of Script----------------

21:53:27 INFO  : Disconnected from the channel tcfchan#17.
21:53:34 INFO  : 'targets -set -filter {jtag_cable_name =~ "Digilent Nexys4DDR 210292744084A" && level==0} -index 0' command is executed.
21:53:34 INFO  : 'fpga -state' command is executed.
21:53:34 INFO  : Connected to target on host '127.0.0.1' and port '3121'.
21:53:34 INFO  : Jtag cable 'Digilent Nexys4DDR 210292744084A' is selected.
21:53:34 INFO  : 'jtag frequency' command is executed.
21:53:34 INFO  : 'configparams mdm-detect-bscan-mask 2' command is executed.
21:53:34 INFO  : Context for processor 'microblaze_0' is selected.
21:53:34 INFO  : Processor reset is completed for 'microblaze_0'.
21:53:34 INFO  : Context for processor 'microblaze_0' is selected.
21:53:34 INFO  : The application 'C:/Users/utkar/majorproject/majorproject.sdk/echo_server/Debug/echo_server.elf' is downloaded to processor 'microblaze_0'.
21:53:34 INFO  : ----------------XSDB Script----------------
connect -url tcp:127.0.0.1:3121
configparams mdm-detect-bscan-mask 2
targets -set -nocase -filter {name =~ "microblaze*#0" && bscan=="USER2"  && jtag_cable_name =~ "Digilent Nexys4DDR 210292744084A"} -index 0
rst -processor
targets -set -nocase -filter {name =~ "microblaze*#0" && bscan=="USER2"  && jtag_cable_name =~ "Digilent Nexys4DDR 210292744084A"} -index 0
dow C:/Users/utkar/majorproject/majorproject.sdk/echo_server/Debug/echo_server.elf
----------------End of Script----------------

21:53:34 INFO  : Context for processor 'microblaze_0' is selected.
21:53:34 INFO  : 'con' command is executed.
21:53:34 INFO  : ----------------XSDB Script (After Launch)----------------
targets -set -nocase -filter {name =~ "microblaze*#0" && bscan=="USER2"  && jtag_cable_name =~ "Digilent Nexys4DDR 210292744084A"} -index 0
con
----------------End of Script----------------

21:53:34 INFO  : Disconnected from the channel tcfchan#18.
21:54:43 INFO  : 'targets -set -filter {jtag_cable_name =~ "Digilent Nexys4DDR 210292744084A" && level==0} -index 0' command is executed.
21:54:43 INFO  : 'fpga -state' command is executed.
21:54:43 INFO  : Connected to target on host '127.0.0.1' and port '3121'.
21:54:43 INFO  : Jtag cable 'Digilent Nexys4DDR 210292744084A' is selected.
21:54:43 INFO  : 'jtag frequency' command is executed.
21:54:43 INFO  : 'configparams mdm-detect-bscan-mask 2' command is executed.
21:54:43 INFO  : Context for processor 'microblaze_0' is selected.
21:54:43 INFO  : Processor reset is completed for 'microblaze_0'.
21:54:43 INFO  : Context for processor 'microblaze_0' is selected.
21:54:43 INFO  : The application 'C:/Users/utkar/majorproject/majorproject.sdk/echo_server/Debug/echo_server.elf' is downloaded to processor 'microblaze_0'.
21:54:43 INFO  : ----------------XSDB Script----------------
connect -url tcp:127.0.0.1:3121
configparams mdm-detect-bscan-mask 2
targets -set -nocase -filter {name =~ "microblaze*#0" && bscan=="USER2"  && jtag_cable_name =~ "Digilent Nexys4DDR 210292744084A"} -index 0
rst -processor
targets -set -nocase -filter {name =~ "microblaze*#0" && bscan=="USER2"  && jtag_cable_name =~ "Digilent Nexys4DDR 210292744084A"} -index 0
dow C:/Users/utkar/majorproject/majorproject.sdk/echo_server/Debug/echo_server.elf
----------------End of Script----------------

21:54:43 INFO  : Context for processor 'microblaze_0' is selected.
21:54:43 INFO  : 'con' command is executed.
21:54:43 INFO  : ----------------XSDB Script (After Launch)----------------
targets -set -nocase -filter {name =~ "microblaze*#0" && bscan=="USER2"  && jtag_cable_name =~ "Digilent Nexys4DDR 210292744084A"} -index 0
con
----------------End of Script----------------

21:54:43 INFO  : Disconnected from the channel tcfchan#19.
21:56:06 INFO  : 'targets -set -filter {jtag_cable_name =~ "Digilent Nexys4DDR 210292744084A" && level==0} -index 0' command is executed.
21:56:06 INFO  : 'fpga -state' command is executed.
21:56:06 INFO  : Connected to target on host '127.0.0.1' and port '3121'.
21:56:07 INFO  : Jtag cable 'Digilent Nexys4DDR 210292744084A' is selected.
21:56:07 INFO  : 'jtag frequency' command is executed.
21:56:07 INFO  : 'configparams mdm-detect-bscan-mask 2' command is executed.
21:56:07 INFO  : Context for processor 'microblaze_0' is selected.
21:56:07 INFO  : Processor reset is completed for 'microblaze_0'.
21:56:07 INFO  : Context for processor 'microblaze_0' is selected.
21:56:07 INFO  : The application 'C:/Users/utkar/majorproject/majorproject.sdk/echo_server/Debug/echo_server.elf' is downloaded to processor 'microblaze_0'.
21:56:07 INFO  : ----------------XSDB Script----------------
connect -url tcp:127.0.0.1:3121
configparams mdm-detect-bscan-mask 2
targets -set -nocase -filter {name =~ "microblaze*#0" && bscan=="USER2"  && jtag_cable_name =~ "Digilent Nexys4DDR 210292744084A"} -index 0
rst -processor
targets -set -nocase -filter {name =~ "microblaze*#0" && bscan=="USER2"  && jtag_cable_name =~ "Digilent Nexys4DDR 210292744084A"} -index 0
dow C:/Users/utkar/majorproject/majorproject.sdk/echo_server/Debug/echo_server.elf
----------------End of Script----------------

21:56:07 INFO  : Context for processor 'microblaze_0' is selected.
21:56:07 INFO  : 'con' command is executed.
21:56:07 INFO  : ----------------XSDB Script (After Launch)----------------
targets -set -nocase -filter {name =~ "microblaze*#0" && bscan=="USER2"  && jtag_cable_name =~ "Digilent Nexys4DDR 210292744084A"} -index 0
con
----------------End of Script----------------

21:56:07 INFO  : Disconnected from the channel tcfchan#20.
22:40:59 INFO  : 'targets -set -filter {jtag_cable_name =~ "Digilent Nexys4DDR 210292744084A" && level==0} -index 0' command is executed.
22:40:59 INFO  : 'fpga -state' command is executed.
22:40:59 INFO  : Connected to target on host '127.0.0.1' and port '3121'.
22:41:00 INFO  : Jtag cable 'Digilent Nexys4DDR 210292744084A' is selected.
22:41:00 INFO  : 'jtag frequency' command is executed.
22:41:00 INFO  : 'configparams mdm-detect-bscan-mask 2' command is executed.
22:41:00 INFO  : Context for processor 'microblaze_0' is selected.
22:41:00 INFO  : Processor reset is completed for 'microblaze_0'.
22:41:00 INFO  : Context for processor 'microblaze_0' is selected.
22:41:00 INFO  : The application 'C:/Users/utkar/majorproject/majorproject.sdk/echo_server/Debug/echo_server.elf' is downloaded to processor 'microblaze_0'.
22:41:00 INFO  : ----------------XSDB Script----------------
connect -url tcp:127.0.0.1:3121
configparams mdm-detect-bscan-mask 2
targets -set -nocase -filter {name =~ "microblaze*#0" && bscan=="USER2"  && jtag_cable_name =~ "Digilent Nexys4DDR 210292744084A"} -index 0
rst -processor
targets -set -nocase -filter {name =~ "microblaze*#0" && bscan=="USER2"  && jtag_cable_name =~ "Digilent Nexys4DDR 210292744084A"} -index 0
dow C:/Users/utkar/majorproject/majorproject.sdk/echo_server/Debug/echo_server.elf
----------------End of Script----------------

22:41:00 INFO  : Context for processor 'microblaze_0' is selected.
22:41:00 INFO  : 'con' command is executed.
22:41:00 INFO  : ----------------XSDB Script (After Launch)----------------
targets -set -nocase -filter {name =~ "microblaze*#0" && bscan=="USER2"  && jtag_cable_name =~ "Digilent Nexys4DDR 210292744084A"} -index 0
con
----------------End of Script----------------

22:41:00 INFO  : Disconnected from the channel tcfchan#21.
22:41:33 INFO  : 'targets -set -filter {jtag_cable_name =~ "Digilent Nexys4DDR 210292744084A" && level==0} -index 0' command is executed.
22:41:33 INFO  : 'fpga -state' command is executed.
22:41:33 INFO  : Connected to target on host '127.0.0.1' and port '3121'.
22:41:34 INFO  : Jtag cable 'Digilent Nexys4DDR 210292744084A' is selected.
22:41:34 INFO  : 'jtag frequency' command is executed.
22:41:34 INFO  : 'configparams mdm-detect-bscan-mask 2' command is executed.
22:41:34 INFO  : Context for processor 'microblaze_0' is selected.
22:41:34 INFO  : Processor reset is completed for 'microblaze_0'.
22:41:34 INFO  : Context for processor 'microblaze_0' is selected.
22:41:34 INFO  : The application 'C:/Users/utkar/majorproject/majorproject.sdk/echo_server/Debug/echo_server.elf' is downloaded to processor 'microblaze_0'.
22:41:34 INFO  : ----------------XSDB Script----------------
connect -url tcp:127.0.0.1:3121
configparams mdm-detect-bscan-mask 2
targets -set -nocase -filter {name =~ "microblaze*#0" && bscan=="USER2"  && jtag_cable_name =~ "Digilent Nexys4DDR 210292744084A"} -index 0
rst -processor
targets -set -nocase -filter {name =~ "microblaze*#0" && bscan=="USER2"  && jtag_cable_name =~ "Digilent Nexys4DDR 210292744084A"} -index 0
dow C:/Users/utkar/majorproject/majorproject.sdk/echo_server/Debug/echo_server.elf
----------------End of Script----------------

22:41:34 INFO  : Context for processor 'microblaze_0' is selected.
22:41:34 INFO  : 'con' command is executed.
22:41:34 INFO  : ----------------XSDB Script (After Launch)----------------
targets -set -nocase -filter {name =~ "microblaze*#0" && bscan=="USER2"  && jtag_cable_name =~ "Digilent Nexys4DDR 210292744084A"} -index 0
con
----------------End of Script----------------

22:41:34 INFO  : Disconnected from the channel tcfchan#22.
23:18:01 INFO  : 'targets -set -filter {jtag_cable_name =~ "Digilent Nexys4DDR 210292744084A" && level==0} -index 0' command is executed.
23:18:01 INFO  : 'fpga -state' command is executed.
23:18:01 INFO  : Connected to target on host '127.0.0.1' and port '3121'.
23:18:01 INFO  : Jtag cable 'Digilent Nexys4DDR 210292744084A' is selected.
23:18:01 INFO  : 'jtag frequency' command is executed.
23:18:01 INFO  : 'configparams mdm-detect-bscan-mask 2' command is executed.
23:18:01 INFO  : Context for processor 'microblaze_0' is selected.
23:18:01 INFO  : Processor reset is completed for 'microblaze_0'.
23:18:01 INFO  : Context for processor 'microblaze_0' is selected.
23:18:01 INFO  : The application 'C:/Users/utkar/majorproject/majorproject.sdk/echo_server/Debug/echo_server.elf' is downloaded to processor 'microblaze_0'.
23:18:01 INFO  : ----------------XSDB Script----------------
connect -url tcp:127.0.0.1:3121
configparams mdm-detect-bscan-mask 2
targets -set -nocase -filter {name =~ "microblaze*#0" && bscan=="USER2"  && jtag_cable_name =~ "Digilent Nexys4DDR 210292744084A"} -index 0
rst -processor
targets -set -nocase -filter {name =~ "microblaze*#0" && bscan=="USER2"  && jtag_cable_name =~ "Digilent Nexys4DDR 210292744084A"} -index 0
dow C:/Users/utkar/majorproject/majorproject.sdk/echo_server/Debug/echo_server.elf
----------------End of Script----------------

23:18:01 INFO  : Context for processor 'microblaze_0' is selected.
23:18:01 INFO  : 'con' command is executed.
23:18:01 INFO  : ----------------XSDB Script (After Launch)----------------
targets -set -nocase -filter {name =~ "microblaze*#0" && bscan=="USER2"  && jtag_cable_name =~ "Digilent Nexys4DDR 210292744084A"} -index 0
con
----------------End of Script----------------

23:18:01 INFO  : Disconnected from the channel tcfchan#23.
23:24:42 INFO  : 'targets -set -filter {jtag_cable_name =~ "Digilent Nexys4DDR 210292744084A" && level==0} -index 0' command is executed.
23:24:42 INFO  : 'fpga -state' command is executed.
23:24:42 INFO  : Connected to target on host '127.0.0.1' and port '3121'.
23:24:42 INFO  : Jtag cable 'Digilent Nexys4DDR 210292744084A' is selected.
23:24:42 INFO  : 'jtag frequency' command is executed.
23:24:42 INFO  : 'configparams mdm-detect-bscan-mask 2' command is executed.
23:24:42 INFO  : Context for processor 'microblaze_0' is selected.
23:24:42 INFO  : Processor reset is completed for 'microblaze_0'.
23:24:42 INFO  : Context for processor 'microblaze_0' is selected.
23:24:42 INFO  : The application 'C:/Users/utkar/majorproject/majorproject.sdk/echo_server/Debug/echo_server.elf' is downloaded to processor 'microblaze_0'.
23:24:42 INFO  : ----------------XSDB Script----------------
connect -url tcp:127.0.0.1:3121
configparams mdm-detect-bscan-mask 2
targets -set -nocase -filter {name =~ "microblaze*#0" && bscan=="USER2"  && jtag_cable_name =~ "Digilent Nexys4DDR 210292744084A"} -index 0
rst -processor
targets -set -nocase -filter {name =~ "microblaze*#0" && bscan=="USER2"  && jtag_cable_name =~ "Digilent Nexys4DDR 210292744084A"} -index 0
dow C:/Users/utkar/majorproject/majorproject.sdk/echo_server/Debug/echo_server.elf
----------------End of Script----------------

23:24:42 INFO  : Context for processor 'microblaze_0' is selected.
23:24:42 INFO  : 'con' command is executed.
23:24:42 INFO  : ----------------XSDB Script (After Launch)----------------
targets -set -nocase -filter {name =~ "microblaze*#0" && bscan=="USER2"  && jtag_cable_name =~ "Digilent Nexys4DDR 210292744084A"} -index 0
con
----------------End of Script----------------

23:24:42 INFO  : Disconnected from the channel tcfchan#24.
23:26:33 INFO  : 'targets -set -filter {jtag_cable_name =~ "Digilent Nexys4DDR 210292744084A" && level==0} -index 0' command is executed.
23:26:33 INFO  : 'fpga -state' command is executed.
23:26:33 INFO  : Connected to target on host '127.0.0.1' and port '3121'.
23:26:33 INFO  : Jtag cable 'Digilent Nexys4DDR 210292744084A' is selected.
23:26:33 INFO  : 'jtag frequency' command is executed.
23:26:33 INFO  : 'configparams mdm-detect-bscan-mask 2' command is executed.
23:26:33 INFO  : Context for processor 'microblaze_0' is selected.
23:26:33 INFO  : Processor reset is completed for 'microblaze_0'.
23:26:33 INFO  : Context for processor 'microblaze_0' is selected.
23:26:33 INFO  : The application 'C:/Users/utkar/majorproject/majorproject.sdk/echo_server/Debug/echo_server.elf' is downloaded to processor 'microblaze_0'.
23:26:33 INFO  : ----------------XSDB Script----------------
connect -url tcp:127.0.0.1:3121
configparams mdm-detect-bscan-mask 2
targets -set -nocase -filter {name =~ "microblaze*#0" && bscan=="USER2"  && jtag_cable_name =~ "Digilent Nexys4DDR 210292744084A"} -index 0
rst -processor
targets -set -nocase -filter {name =~ "microblaze*#0" && bscan=="USER2"  && jtag_cable_name =~ "Digilent Nexys4DDR 210292744084A"} -index 0
dow C:/Users/utkar/majorproject/majorproject.sdk/echo_server/Debug/echo_server.elf
----------------End of Script----------------

23:26:33 INFO  : Context for processor 'microblaze_0' is selected.
23:26:33 INFO  : 'con' command is executed.
23:26:33 INFO  : ----------------XSDB Script (After Launch)----------------
targets -set -nocase -filter {name =~ "microblaze*#0" && bscan=="USER2"  && jtag_cable_name =~ "Digilent Nexys4DDR 210292744084A"} -index 0
con
----------------End of Script----------------

23:26:33 INFO  : Disconnected from the channel tcfchan#25.
23:28:06 INFO  : 'targets -set -filter {jtag_cable_name =~ "Digilent Nexys4DDR 210292744084A" && level==0} -index 0' command is executed.
23:28:06 INFO  : 'fpga -state' command is executed.
23:28:06 INFO  : Connected to target on host '127.0.0.1' and port '3121'.
23:28:06 INFO  : Jtag cable 'Digilent Nexys4DDR 210292744084A' is selected.
23:28:06 INFO  : 'jtag frequency' command is executed.
23:28:06 INFO  : 'configparams mdm-detect-bscan-mask 2' command is executed.
23:28:06 INFO  : Context for processor 'microblaze_0' is selected.
23:28:06 INFO  : Processor reset is completed for 'microblaze_0'.
23:28:06 INFO  : Context for processor 'microblaze_0' is selected.
23:28:06 INFO  : The application 'C:/Users/utkar/majorproject/majorproject.sdk/echo_server/Debug/echo_server.elf' is downloaded to processor 'microblaze_0'.
23:28:06 INFO  : ----------------XSDB Script----------------
connect -url tcp:127.0.0.1:3121
configparams mdm-detect-bscan-mask 2
targets -set -nocase -filter {name =~ "microblaze*#0" && bscan=="USER2"  && jtag_cable_name =~ "Digilent Nexys4DDR 210292744084A"} -index 0
rst -processor
targets -set -nocase -filter {name =~ "microblaze*#0" && bscan=="USER2"  && jtag_cable_name =~ "Digilent Nexys4DDR 210292744084A"} -index 0
dow C:/Users/utkar/majorproject/majorproject.sdk/echo_server/Debug/echo_server.elf
----------------End of Script----------------

23:28:06 INFO  : Context for processor 'microblaze_0' is selected.
23:28:06 INFO  : 'con' command is executed.
23:28:06 INFO  : ----------------XSDB Script (After Launch)----------------
targets -set -nocase -filter {name =~ "microblaze*#0" && bscan=="USER2"  && jtag_cable_name =~ "Digilent Nexys4DDR 210292744084A"} -index 0
con
----------------End of Script----------------

23:28:06 INFO  : Disconnected from the channel tcfchan#26.
02:54:54 INFO  : 'targets -set -filter {jtag_cable_name =~ "Digilent Nexys4DDR 210292744084A" && level==0} -index 0' command is executed.
02:54:54 INFO  : 'fpga -state' command is executed.
02:54:54 INFO  : Connected to target on host '127.0.0.1' and port '3121'.
02:54:54 INFO  : Jtag cable 'Digilent Nexys4DDR 210292744084A' is selected.
02:54:54 INFO  : 'jtag frequency' command is executed.
02:54:54 INFO  : 'configparams mdm-detect-bscan-mask 2' command is executed.
02:54:54 INFO  : Context for processor 'microblaze_0' is selected.
02:54:54 INFO  : Processor reset is completed for 'microblaze_0'.
02:54:54 INFO  : Context for processor 'microblaze_0' is selected.
02:54:54 INFO  : The application 'C:/Users/utkar/majorproject/majorproject.sdk/echo_server/Debug/echo_server.elf' is downloaded to processor 'microblaze_0'.
02:54:54 INFO  : ----------------XSDB Script----------------
connect -url tcp:127.0.0.1:3121
configparams mdm-detect-bscan-mask 2
targets -set -nocase -filter {name =~ "microblaze*#0" && bscan=="USER2"  && jtag_cable_name =~ "Digilent Nexys4DDR 210292744084A"} -index 0
rst -processor
targets -set -nocase -filter {name =~ "microblaze*#0" && bscan=="USER2"  && jtag_cable_name =~ "Digilent Nexys4DDR 210292744084A"} -index 0
dow C:/Users/utkar/majorproject/majorproject.sdk/echo_server/Debug/echo_server.elf
----------------End of Script----------------

02:54:55 INFO  : Context for processor 'microblaze_0' is selected.
02:54:55 INFO  : 'con' command is executed.
02:54:55 INFO  : ----------------XSDB Script (After Launch)----------------
targets -set -nocase -filter {name =~ "microblaze*#0" && bscan=="USER2"  && jtag_cable_name =~ "Digilent Nexys4DDR 210292744084A"} -index 0
con
----------------End of Script----------------

02:54:55 INFO  : Disconnected from the channel tcfchan#27.
02:55:45 INFO  : 'targets -set -filter {jtag_cable_name =~ "Digilent Nexys4DDR 210292744084A" && level==0} -index 0' command is executed.
02:55:45 INFO  : 'fpga -state' command is executed.
02:55:45 INFO  : Connected to target on host '127.0.0.1' and port '3121'.
02:55:45 INFO  : Jtag cable 'Digilent Nexys4DDR 210292744084A' is selected.
02:55:45 INFO  : 'jtag frequency' command is executed.
02:55:45 INFO  : 'configparams mdm-detect-bscan-mask 2' command is executed.
02:55:45 INFO  : Context for processor 'microblaze_0' is selected.
02:55:45 INFO  : Processor reset is completed for 'microblaze_0'.
02:55:45 INFO  : Context for processor 'microblaze_0' is selected.
02:55:46 INFO  : The application 'C:/Users/utkar/majorproject/majorproject.sdk/echo_server/Debug/echo_server.elf' is downloaded to processor 'microblaze_0'.
02:55:46 INFO  : ----------------XSDB Script----------------
connect -url tcp:127.0.0.1:3121
configparams mdm-detect-bscan-mask 2
targets -set -nocase -filter {name =~ "microblaze*#0" && bscan=="USER2"  && jtag_cable_name =~ "Digilent Nexys4DDR 210292744084A"} -index 0
rst -processor
targets -set -nocase -filter {name =~ "microblaze*#0" && bscan=="USER2"  && jtag_cable_name =~ "Digilent Nexys4DDR 210292744084A"} -index 0
dow C:/Users/utkar/majorproject/majorproject.sdk/echo_server/Debug/echo_server.elf
----------------End of Script----------------

02:55:46 INFO  : Context for processor 'microblaze_0' is selected.
02:55:46 INFO  : 'con' command is executed.
02:55:46 INFO  : ----------------XSDB Script (After Launch)----------------
targets -set -nocase -filter {name =~ "microblaze*#0" && bscan=="USER2"  && jtag_cable_name =~ "Digilent Nexys4DDR 210292744084A"} -index 0
con
----------------End of Script----------------

02:55:46 INFO  : Disconnected from the channel tcfchan#28.
02:56:27 INFO  : 'targets -set -filter {jtag_cable_name =~ "Digilent Nexys4DDR 210292744084A" && level==0} -index 0' command is executed.
02:56:27 INFO  : 'fpga -state' command is executed.
02:56:27 INFO  : Connected to target on host '127.0.0.1' and port '3121'.
02:56:27 INFO  : Jtag cable 'Digilent Nexys4DDR 210292744084A' is selected.
02:56:27 INFO  : 'jtag frequency' command is executed.
02:56:27 INFO  : 'configparams mdm-detect-bscan-mask 2' command is executed.
02:56:27 INFO  : Context for processor 'microblaze_0' is selected.
02:56:27 INFO  : Processor reset is completed for 'microblaze_0'.
02:56:27 INFO  : Context for processor 'microblaze_0' is selected.
02:56:27 INFO  : The application 'C:/Users/utkar/majorproject/majorproject.sdk/echo_server/Debug/echo_server.elf' is downloaded to processor 'microblaze_0'.
02:56:27 INFO  : ----------------XSDB Script----------------
connect -url tcp:127.0.0.1:3121
configparams mdm-detect-bscan-mask 2
targets -set -nocase -filter {name =~ "microblaze*#0" && bscan=="USER2"  && jtag_cable_name =~ "Digilent Nexys4DDR 210292744084A"} -index 0
rst -processor
targets -set -nocase -filter {name =~ "microblaze*#0" && bscan=="USER2"  && jtag_cable_name =~ "Digilent Nexys4DDR 210292744084A"} -index 0
dow C:/Users/utkar/majorproject/majorproject.sdk/echo_server/Debug/echo_server.elf
----------------End of Script----------------

02:56:27 INFO  : Context for processor 'microblaze_0' is selected.
02:56:27 INFO  : 'con' command is executed.
02:56:27 INFO  : ----------------XSDB Script (After Launch)----------------
targets -set -nocase -filter {name =~ "microblaze*#0" && bscan=="USER2"  && jtag_cable_name =~ "Digilent Nexys4DDR 210292744084A"} -index 0
con
----------------End of Script----------------

02:56:27 INFO  : Disconnected from the channel tcfchan#29.
03:02:51 INFO  : 'targets -set -filter {jtag_cable_name =~ "Digilent Nexys4DDR 210292744084A" && level==0} -index 0' command is executed.
03:02:51 INFO  : 'fpga -state' command is executed.
03:02:51 INFO  : Connected to target on host '127.0.0.1' and port '3121'.
03:02:52 INFO  : Jtag cable 'Digilent Nexys4DDR 210292744084A' is selected.
03:02:52 INFO  : 'jtag frequency' command is executed.
03:02:52 INFO  : 'configparams mdm-detect-bscan-mask 2' command is executed.
03:02:52 INFO  : Context for processor 'microblaze_0' is selected.
03:02:52 INFO  : Processor reset is completed for 'microblaze_0'.
03:02:52 INFO  : Context for processor 'microblaze_0' is selected.
03:02:52 INFO  : The application 'C:/Users/utkar/majorproject/majorproject.sdk/echo_server/Debug/echo_server.elf' is downloaded to processor 'microblaze_0'.
03:02:52 INFO  : ----------------XSDB Script----------------
connect -url tcp:127.0.0.1:3121
configparams mdm-detect-bscan-mask 2
targets -set -nocase -filter {name =~ "microblaze*#0" && bscan=="USER2"  && jtag_cable_name =~ "Digilent Nexys4DDR 210292744084A"} -index 0
rst -processor
targets -set -nocase -filter {name =~ "microblaze*#0" && bscan=="USER2"  && jtag_cable_name =~ "Digilent Nexys4DDR 210292744084A"} -index 0
dow C:/Users/utkar/majorproject/majorproject.sdk/echo_server/Debug/echo_server.elf
----------------End of Script----------------

03:02:52 INFO  : Context for processor 'microblaze_0' is selected.
03:02:52 INFO  : 'con' command is executed.
03:02:52 INFO  : ----------------XSDB Script (After Launch)----------------
targets -set -nocase -filter {name =~ "microblaze*#0" && bscan=="USER2"  && jtag_cable_name =~ "Digilent Nexys4DDR 210292744084A"} -index 0
con
----------------End of Script----------------

03:02:52 INFO  : Disconnected from the channel tcfchan#30.
03:12:10 INFO  : 'targets -set -filter {jtag_cable_name =~ "Digilent Nexys4DDR 210292744084A" && level==0} -index 0' command is executed.
03:12:10 INFO  : 'fpga -state' command is executed.
03:12:10 INFO  : Connected to target on host '127.0.0.1' and port '3121'.
03:12:10 INFO  : Jtag cable 'Digilent Nexys4DDR 210292744084A' is selected.
03:12:10 INFO  : 'jtag frequency' command is executed.
03:12:10 INFO  : 'configparams mdm-detect-bscan-mask 2' command is executed.
03:12:10 INFO  : Context for processor 'microblaze_0' is selected.
03:12:10 INFO  : Processor reset is completed for 'microblaze_0'.
03:12:10 INFO  : Context for processor 'microblaze_0' is selected.
03:12:11 INFO  : The application 'C:/Users/utkar/majorproject/majorproject.sdk/tbd/Debug/tbd.elf' is downloaded to processor 'microblaze_0'.
03:12:11 INFO  : ----------------XSDB Script----------------
connect -url tcp:127.0.0.1:3121
configparams mdm-detect-bscan-mask 2
targets -set -nocase -filter {name =~ "microblaze*#0" && bscan=="USER2"  && jtag_cable_name =~ "Digilent Nexys4DDR 210292744084A"} -index 0
rst -processor
targets -set -nocase -filter {name =~ "microblaze*#0" && bscan=="USER2"  && jtag_cable_name =~ "Digilent Nexys4DDR 210292744084A"} -index 0
dow C:/Users/utkar/majorproject/majorproject.sdk/tbd/Debug/tbd.elf
----------------End of Script----------------

03:12:11 INFO  : Context for processor 'microblaze_0' is selected.
03:12:11 INFO  : 'con' command is executed.
03:12:11 INFO  : ----------------XSDB Script (After Launch)----------------
targets -set -nocase -filter {name =~ "microblaze*#0" && bscan=="USER2"  && jtag_cable_name =~ "Digilent Nexys4DDR 210292744084A"} -index 0
con
----------------End of Script----------------

03:12:11 INFO  : Disconnected from the channel tcfchan#31.
03:12:43 INFO  : 'targets -set -filter {jtag_cable_name =~ "Digilent Nexys4DDR 210292744084A" && level==0} -index 0' command is executed.
03:12:43 INFO  : 'fpga -state' command is executed.
03:12:43 INFO  : Connected to target on host '127.0.0.1' and port '3121'.
03:12:43 INFO  : Jtag cable 'Digilent Nexys4DDR 210292744084A' is selected.
03:12:43 INFO  : 'jtag frequency' command is executed.
03:12:43 INFO  : 'configparams mdm-detect-bscan-mask 2' command is executed.
03:12:43 INFO  : Context for processor 'microblaze_0' is selected.
03:12:44 INFO  : Processor reset is completed for 'microblaze_0'.
03:12:44 INFO  : Context for processor 'microblaze_0' is selected.
03:12:44 INFO  : The application 'C:/Users/utkar/majorproject/majorproject.sdk/tbd/Debug/tbd.elf' is downloaded to processor 'microblaze_0'.
03:12:44 INFO  : ----------------XSDB Script----------------
connect -url tcp:127.0.0.1:3121
configparams mdm-detect-bscan-mask 2
targets -set -nocase -filter {name =~ "microblaze*#0" && bscan=="USER2"  && jtag_cable_name =~ "Digilent Nexys4DDR 210292744084A"} -index 0
rst -processor
targets -set -nocase -filter {name =~ "microblaze*#0" && bscan=="USER2"  && jtag_cable_name =~ "Digilent Nexys4DDR 210292744084A"} -index 0
dow C:/Users/utkar/majorproject/majorproject.sdk/tbd/Debug/tbd.elf
----------------End of Script----------------

03:12:44 INFO  : Context for processor 'microblaze_0' is selected.
03:12:44 INFO  : 'con' command is executed.
03:12:44 INFO  : ----------------XSDB Script (After Launch)----------------
targets -set -nocase -filter {name =~ "microblaze*#0" && bscan=="USER2"  && jtag_cable_name =~ "Digilent Nexys4DDR 210292744084A"} -index 0
con
----------------End of Script----------------

03:12:44 INFO  : Disconnected from the channel tcfchan#32.
03:13:51 INFO  : 'targets -set -filter {jtag_cable_name =~ "Digilent Nexys4DDR 210292744084A" && level==0} -index 0' command is executed.
03:13:51 INFO  : 'fpga -state' command is executed.
03:13:51 INFO  : Connected to target on host '127.0.0.1' and port '3121'.
03:13:51 INFO  : Jtag cable 'Digilent Nexys4DDR 210292744084A' is selected.
03:13:51 INFO  : 'jtag frequency' command is executed.
03:13:51 INFO  : 'configparams mdm-detect-bscan-mask 2' command is executed.
03:13:51 INFO  : Context for processor 'microblaze_0' is selected.
03:13:51 INFO  : Processor reset is completed for 'microblaze_0'.
03:13:51 INFO  : Context for processor 'microblaze_0' is selected.
03:13:52 INFO  : The application 'C:/Users/utkar/majorproject/majorproject.sdk/tbd/Debug/tbd.elf' is downloaded to processor 'microblaze_0'.
03:13:52 INFO  : ----------------XSDB Script----------------
connect -url tcp:127.0.0.1:3121
configparams mdm-detect-bscan-mask 2
targets -set -nocase -filter {name =~ "microblaze*#0" && bscan=="USER2"  && jtag_cable_name =~ "Digilent Nexys4DDR 210292744084A"} -index 0
rst -processor
targets -set -nocase -filter {name =~ "microblaze*#0" && bscan=="USER2"  && jtag_cable_name =~ "Digilent Nexys4DDR 210292744084A"} -index 0
dow C:/Users/utkar/majorproject/majorproject.sdk/tbd/Debug/tbd.elf
----------------End of Script----------------

03:13:52 INFO  : Context for processor 'microblaze_0' is selected.
03:13:52 INFO  : 'con' command is executed.
03:13:52 INFO  : ----------------XSDB Script (After Launch)----------------
targets -set -nocase -filter {name =~ "microblaze*#0" && bscan=="USER2"  && jtag_cable_name =~ "Digilent Nexys4DDR 210292744084A"} -index 0
con
----------------End of Script----------------

03:13:52 INFO  : Disconnected from the channel tcfchan#33.
