#-----------------------------------------------------------
# Webtalk v2019.1 (64-bit)
# SW Build 2552052 on Fri May 24 14:49:42 MDT 2019
# 
# Start of session at: Sun Apr  7 04:48:49 2024
# Process ID: 26172
# Current directory: C:/Users/utkar/majorproject/majorproject.sdk/webtalk
# Command line: wbtcv.exe -mode batch -source sdk_webtalk.tcl
# Log file: C:/Users/utkar/majorproject/majorproject.sdk/webtalk/webtalk.log
# Journal file: C:/Users/utkar/majorproject/majorproject.sdk/webtalk\webtalk.jou
#-----------------------------------------------------------
source sdk_webtalk.tcl
# webtalk_init -webtalk_dir C:\\Users\\utkar\\majorproject\\majorproject.sdk\\webtalk
# webtalk_register_client -client project
# webtalk_add_data -client project -key date_generated -value "2024-04-07 04:48:48" -context "software_version_and_target_device"
# webtalk_add_data -client project -key product_version -value "SDK v2019.1" -context "software_version_and_target_device"
# webtalk_add_data -client project -key build_version -value "2019.1" -context "software_version_and_target_device"
# webtalk_add_data -client project -key os_platform -value "amd64" -context "software_version_and_target_device"
# webtalk_add_data -client project -key registration_id -value "212296432_0_0_208" -context "software_version_and_target_device"
# webtalk_add_data -client project -key tool_flow -value "SDK" -context "software_version_and_target_device"
# webtalk_add_data -client project -key beta -value "false" -context "software_version_and_target_device"
# webtalk_add_data -client project -key route_design -value "NA" -context "software_version_and_target_device"
# webtalk_add_data -client project -key target_family -value "NA" -context "software_version_and_target_device"
# webtalk_add_data -client project -key target_device -value "NA" -context "software_version_and_target_device"
# webtalk_add_data -client project -key target_package -value "NA" -context "software_version_and_target_device"
# webtalk_add_data -client project -key target_speed -value "NA" -context "software_version_and_target_device"
# webtalk_add_data -client project -key random_id -value "act3176ufsp2vs0hs2h1moije0" -context "software_version_and_target_device"
# webtalk_add_data -client project -key project_id -value "2019.1_3" -context "software_version_and_target_device"
# webtalk_add_data -client project -key project_iteration -value "3" -context "software_version_and_target_device"
# webtalk_add_data -client project -key os_name -value "Microsoft Windows 8 or later , 64-bit" -context "user_environment"
# webtalk_add_data -client project -key os_release -value "major release  (build 9200)" -context "user_environment"
# webtalk_add_data -client project -key cpu_name -value "AMD Ryzen 7 5800HS with Radeon Graphics         " -context "user_environment"
# webtalk_add_data -client project -key cpu_speed -value "3194 MHz" -context "user_environment"
# webtalk_add_data -client project -key total_processors -value "1" -context "user_environment"
# webtalk_add_data -client project -key system_ram -value "16.541 GB" -context "user_environment"
# webtalk_register_client -client sdk
# webtalk_add_data -client sdk -key uid -value "1712424375107" -context "sdk\\\\bsp/1712424375107"
# webtalk_add_data -client sdk -key hwid -value "1708941980277" -context "sdk\\\\bsp/1712424375107"
# webtalk_add_data -client sdk -key os -value "standalone" -context "sdk\\\\bsp/1712424375107"
# webtalk_add_data -client sdk -key apptemplate -value "hello_world" -context "sdk\\\\bsp/1712424375107"
# webtalk_add_data -client sdk -key RecordType -value "BSPCreation" -context "sdk\\\\bsp/1712424375107"
# webtalk_add_data -client sdk -key uid -value "1712424376731" -context "sdk\\\\application/1712424376731"
# webtalk_add_data -client sdk -key hwid -value "1708941980277" -context "sdk\\\\application/1712424376731"
# webtalk_add_data -client sdk -key bspid -value "1712424375107" -context "sdk\\\\application/1712424376731"
# webtalk_add_data -client sdk -key newbsp -value "true" -context "sdk\\\\application/1712424376731"
# webtalk_add_data -client sdk -key os -value "standalone" -context "sdk\\\\application/1712424376731"
# webtalk_add_data -client sdk -key apptemplate -value "hello_world" -context "sdk\\\\application/1712424376731"
# webtalk_add_data -client sdk -key RecordType -value "APPCreation" -context "sdk\\\\application/1712424376731"
# webtalk_add_data -client sdk -key LangUsed -value "C" -context "sdk\\\\application/1712424376731"
# webtalk_add_data -client sdk -key Procused -value "microblaze" -context "sdk\\\\application/1712424376731"
# webtalk_add_data -client sdk -key projSize -value "103.94921875" -context "sdk\\\\application/1712424376731"
# webtalk_add_data -client sdk -key uid -value "NA" -context "sdk\\\\bsp/1712445528254"
# webtalk_add_data -client sdk -key RecordType -value "ToolUsage" -context "sdk\\\\bsp/1712445528254"
# webtalk_add_data -client sdk -key BootgenCount -value "0" -context "sdk\\\\bsp/1712445528254"
# webtalk_add_data -client sdk -key DebugCount -value "0" -context "sdk\\\\bsp/1712445528254"
# webtalk_add_data -client sdk -key PerfCount -value "0" -context "sdk\\\\bsp/1712445528254"
# webtalk_add_data -client sdk -key FlashCount -value "0" -context "sdk\\\\bsp/1712445528254"
# webtalk_add_data -client sdk -key CrossTriggCount -value "0" -context "sdk\\\\bsp/1712445528254"
# webtalk_add_data -client sdk -key QemuDebugCount -value "0" -context "sdk\\\\bsp/1712445528254"
# webtalk_transmit -clientid 2346022322 -regid "212296432_0_0_208" -xml C:\\Users\\utkar\\majorproject\\majorproject.sdk\\webtalk\\usage_statistics_ext_sdk.xml -html C:\\Users\\utkar\\majorproject\\majorproject.sdk\\webtalk\\usage_statistics_ext_sdk.html -wdm C:\\Users\\utkar\\majorproject\\majorproject.sdk\\webtalk\\sdk_webtalk.wdm -intro "<H3>SDK Usage Report</H3><BR>"
# webtalk_terminate
INFO: [Common 17-206] Exiting Webtalk at Sun Apr  7 04:48:50 2024...
